<?xml version="1.0" encoding="UTF-8"?>
<testsuite xmlns:xsi="http://www.w3.org/2001/XMLSchema-instance" xsi:noNamespaceSchemaLocation="https://maven.apache.org/surefire/maven-surefire-plugin/xsd/surefire-test-report-3.0.xsd" version="3.0" name="com.wc.webcrawler.WebCrawlerTest" time="0.041" tests="7" errors="0" skipped="0" failures="0">
  <properties>
    <property name="java.specification.version" value="20"/>
    <property name="sun.cpu.isalist" value="amd64"/>
    <property name="sun.jnu.encoding" value="Cp1252"/>
    <property name="java.class.path" value="D:\Programacion\Java\WebCrawler\target\test-classes;D:\Programacion\Java\WebCrawler\target\classes;C:\Users\Jhoaho\.m2\repository\org\jsoup\jsoup\1.15.3\jsoup-1.15.3.jar;C:\Users\Jhoaho\.m2\repository\junit\junit\4.13.2\junit-4.13.2.jar;C:\Users\Jhoaho\.m2\repository\org\hamcrest\hamcrest-core\1.3\hamcrest-core-1.3.jar;"/>
    <property name="java.vm.vendor" value="Oracle Corporation"/>
    <property name="sun.arch.data.model" value="64"/>
    <property name="user.variant" value=""/>
    <property name="java.vendor.url" value="https://java.oracle.com/"/>
    <property name="user.timezone" value="America/Guayaquil"/>
    <property name="os.name" value="Windows 10"/>
    <property name="java.vm.specification.version" value="20"/>
    <property name="user.country" value="MX"/>
    <property name="sun.java.launcher" value="SUN_STANDARD"/>
    <property name="sun.boot.library.path" value="C:\Program Files\Java\jdk-20\bin"/>
    <property name="sun.java.command" value="C:\Users\Jhoaho\AppData\Local\Temp\surefire6023210580399528929\surefirebooter-20240217174305690_3.jar C:\Users\Jhoaho\AppData\Local\Temp\surefire6023210580399528929 2024-02-17T17-43-05_575-jvmRun1 surefire-20240217174305690_1tmp surefire_0-20240217174305690_2tmp"/>
    <property name="jdk.debug" value="release"/>
    <property name="test" value="com.wc.webcrawler.WebCrawlerTest"/>
    <property name="surefire.test.class.path" value="D:\Programacion\Java\WebCrawler\target\test-classes;D:\Programacion\Java\WebCrawler\target\classes;C:\Users\Jhoaho\.m2\repository\org\jsoup\jsoup\1.15.3\jsoup-1.15.3.jar;C:\Users\Jhoaho\.m2\repository\junit\junit\4.13.2\junit-4.13.2.jar;C:\Users\Jhoaho\.m2\repository\org\hamcrest\hamcrest-core\1.3\hamcrest-core-1.3.jar;"/>
    <property name="sun.cpu.endian" value="little"/>
    <property name="user.home" value="C:\Users\Jhoaho"/>
    <property name="user.language" value="es"/>
    <property name="java.specification.vendor" value="Oracle Corporation"/>
    <property name="java.version.date" value="2023-04-18"/>
    <property name="java.home" value="C:\Program Files\Java\jdk-20"/>
    <property name="file.separator" value="\"/>
    <property name="basedir" value="D:\Programacion\Java\WebCrawler"/>
    <property name="java.vm.compressedOopsMode" value="Zero based"/>
    <property name="line.separator" value="&#10;"/>
    <property name="java.vm.specification.vendor" value="Oracle Corporation"/>
    <property name="java.specification.name" value="Java Platform API Specification"/>
    <property name="surefire.real.class.path" value="C:\Users\Jhoaho\AppData\Local\Temp\surefire6023210580399528929\surefirebooter-20240217174305690_3.jar"/>
    <property name="user.script" value=""/>
    <property name="sun.management.compiler" value="HotSpot 64-Bit Tiered Compilers"/>
    <property name="java.runtime.version" value="20.0.1+9-29"/>
    <property name="user.name" value="Jhoaho"/>
    <property name="stdout.encoding" value="Cp1252"/>
    <property name="path.separator" value=";"/>
    <property name="os.version" value="10.0"/>
    <property name="java.runtime.name" value="Java(TM) SE Runtime Environment"/>
    <property name="file.encoding" value="UTF-8"/>
    <property name="java.vm.name" value="Java HotSpot(TM) 64-Bit Server VM"/>
    <property name="maven.ext.class.path" value="C:\Program Files\NetBeans-20\netbeans\java\maven-nblib\netbeans-eventspy.jar"/>
    <property name="localRepository" value="C:\Users\Jhoaho\.m2\repository"/>
    <property name="java.vendor.url.bug" value="https://bugreport.java.com/bugreport/"/>
    <property name="java.io.tmpdir" value="C:\Users\Jhoaho\AppData\Local\Temp\"/>
    <property name="java.version" value="20.0.1"/>
    <property name="user.dir" value="D:\Programacion\Java\WebCrawler"/>
    <property name="os.arch" value="amd64"/>
    <property name="java.vm.specification.name" value="Java Virtual Machine Specification"/>
    <property name="sun.os.patch.level" value=""/>
    <property name="native.encoding" value="Cp1252"/>
    <property name="java.library.path" value="C:\Program Files\Java\jdk-20\bin;C:\Windows\Sun\Java\bin;C:\Windows\system32;C:\Windows;C:\Program Files\Common Files\Oracle\Java\javapath;C:\Program Files (x86)\Common Files\Oracle\Java\javapath;C:\Windows\system32;C:\Windows;C:\Windows\System32\Wbem;C:\Windows\System32\WindowsPowerShell\v1.0\;C:\Windows\System32\OpenSSH\;C:\Program Files\nodejs\;C:\Program Files\Git\cmd;C:\Program Files\dotnet\;C:\Users\Jhoaho\AppData\Local\Programs\Python\Python311\Scripts\;C:\Users\Jhoaho\AppData\Local\Programs\Python\Python311\;C:\Users\Jhoaho\AppData\Local\Microsoft\WindowsApps;C:\Users\Jhoaho\AppData\Local\Programs\Microsoft VS Code\bin;C:\Users\Jhoaho\AppData\Roaming\npm;c:\ffmpeg\bin;;C:\ghcup\bin;."/>
    <property name="java.vm.info" value="mixed mode, sharing"/>
    <property name="stderr.encoding" value="Cp1252"/>
    <property name="java.vendor" value="Oracle Corporation"/>
    <property name="java.vm.version" value="20.0.1+9-29"/>
    <property name="sun.io.unicode.encoding" value="UnicodeLittle"/>
    <property name="java.class.version" value="64.0"/>
  </properties>
  <testcase name="testFilterAndSortWithMoreThanFiveWords" classname="com.wc.webcrawler.WebCrawlerTest" time="0.005"/>
  <testcase name="testFilterAndSortWithEqualNumberOfComments" classname="com.wc.webcrawler.WebCrawlerTest" time="0.0"/>
  <testcase name="testFilterAndSortWithInvalidOption" classname="com.wc.webcrawler.WebCrawlerTest" time="0.002">
    <system-out><![CDATA[Error: java.lang.Exception: Unsupported option.
]]></system-out>
  </testcase>
  <testcase name="testFilterAndSortWithNullList" classname="com.wc.webcrawler.WebCrawlerTest" time="0.001">
    <system-out><![CDATA[Error: java.lang.NullPointerException: Cannot invoke "java.util.List.stream()" because "entries" is null
]]></system-out>
  </testcase>
  <testcase name="testFilterAndSortWithEmptyList" classname="com.wc.webcrawler.WebCrawlerTest" time="0.0"/>
  <testcase name="testFilterAndSortWithLessThanOrEqualFiveWords" classname="com.wc.webcrawler.WebCrawlerTest" time="0.0"/>
  <testcase name="testFilterAndSortWithEqualNumberOfPoints" classname="com.wc.webcrawler.WebCrawlerTest" time="0.0"/>
</testsuite>